<?xml version="1.0" encoding="UTF-8"?>
<coverage generated="1618379836857" clover="3.2.0">
  <project timestamp="1618379836857" name="All files">
    <metrics statements="79" coveredstatements="76" conditionals="24" coveredconditionals="21" methods="17" coveredmethods="17" elements="120" coveredelements="114" complexity="0" loc="79" ncloc="79" packages="1" files="4" classes="4"/>
    <file name="index.js" path="C:\Users\pc\Desktop\TERCER PROYECTO\LIM014-mdlinks\src\utils\index.js">
      <metrics statements="16" coveredstatements="15" conditionals="8" coveredconditionals="7" methods="2" coveredmethods="2"/>
      <line num="1" count="1" type="stmt"/>
      <line num="2" count="1" type="stmt"/>
      <line num="3" count="1" type="stmt"/>
      <line num="4" count="1" type="stmt"/>
      <line num="5" count="1" type="stmt"/>
      <line num="7" count="1" type="stmt"/>
      <line num="8" count="3" type="stmt"/>
      <line num="10" count="3" type="stmt"/>
      <line num="11" count="3" type="cond" truecount="1" falsecount="1"/>
      <line num="12" count="0" type="stmt"/>
      <line num="13" count="3" type="cond" truecount="2" falsecount="0"/>
      <line num="14" count="2" type="cond" truecount="2" falsecount="0"/>
      <line num="16" count="2" type="cond" truecount="2" falsecount="0"/>
      <line num="17" count="1" type="stmt"/>
      <line num="19" count="3" type="stmt"/>
      <line num="22" count="1" type="stmt"/>
    </file>
    <file name="link.js" path="C:\Users\pc\Desktop\TERCER PROYECTO\LIM014-mdlinks\src\utils\link.js">
      <metrics statements="10" coveredstatements="10" conditionals="0" coveredconditionals="0" methods="2" coveredmethods="2"/>
      <line num="6" count="2" type="stmt"/>
      <line num="7" count="2" type="stmt"/>
      <line num="9" count="2" type="stmt"/>
      <line num="11" count="2" type="stmt"/>
      <line num="12" count="4" type="stmt"/>
      <line num="15" count="4" type="stmt"/>
      <line num="17" count="12" type="stmt"/>
      <line num="22" count="4" type="stmt"/>
      <line num="23" count="4" type="stmt"/>
      <line num="29" count="2" type="stmt"/>
    </file>
    <file name="path.js" path="C:\Users\pc\Desktop\TERCER PROYECTO\LIM014-mdlinks\src\utils\path.js">
      <metrics statements="38" coveredstatements="36" conditionals="12" coveredconditionals="10" methods="8" coveredmethods="8"/>
      <line num="1" count="2" type="stmt"/>
      <line num="2" count="2" type="stmt"/>
      <line num="5" count="2" type="stmt"/>
      <line num="6" count="13" type="cond" truecount="2" falsecount="0"/>
      <line num="8" count="9" type="stmt"/>
      <line num="11" count="4" type="stmt"/>
      <line num="18" count="2" type="stmt"/>
      <line num="19" count="8" type="cond" truecount="1" falsecount="1"/>
      <line num="21" count="8" type="stmt"/>
      <line num="25" count="0" type="stmt"/>
      <line num="33" count="2" type="stmt"/>
      <line num="34" count="17" type="stmt"/>
      <line num="36" count="17" type="stmt"/>
      <line num="37" count="17" type="stmt"/>
      <line num="47" count="2" type="stmt"/>
      <line num="48" count="8" type="stmt"/>
      <line num="49" count="8" type="cond" truecount="2" falsecount="0"/>
      <line num="50" count="5" type="stmt"/>
      <line num="52" count="3" type="stmt"/>
      <line num="53" count="3" type="stmt"/>
      <line num="54" count="7" type="stmt"/>
      <line num="55" count="7" type="stmt"/>
      <line num="58" count="8" type="stmt"/>
      <line num="63" count="5" type="stmt"/>
      <line num="65" count="2" type="stmt"/>
      <line num="66" count="8" type="stmt"/>
      <line num="67" count="8" type="stmt"/>
      <line num="68" count="8" type="cond" truecount="1" falsecount="1"/>
      <line num="70" count="0" type="stmt"/>
      <line num="73" count="8" type="cond" truecount="2" falsecount="0"/>
      <line num="74" count="5" type="cond" truecount="2" falsecount="0"/>
      <line num="75" count="4" type="stmt"/>
      <line num="78" count="3" type="stmt"/>
      <line num="79" count="3" type="stmt"/>
      <line num="80" count="7" type="stmt"/>
      <line num="83" count="7" type="stmt"/>
      <line num="88" count="8" type="stmt"/>
      <line num="91" count="2" type="stmt"/>
    </file>
    <file name="validate.js" path="C:\Users\pc\Desktop\TERCER PROYECTO\LIM014-mdlinks\src\utils\validate.js">
      <metrics statements="15" coveredstatements="15" conditionals="4" coveredconditionals="4" methods="5" coveredmethods="5"/>
      <line num="3" count="2" type="stmt"/>
      <line num="5" count="2" type="stmt"/>
      <line num="6" count="6" type="stmt"/>
      <line num="9" count="4" type="cond" truecount="4" falsecount="0"/>
      <line num="10" count="2" type="stmt"/>
      <line num="11" count="2" type="stmt"/>
      <line num="12" count="2" type="stmt"/>
      <line num="14" count="2" type="stmt"/>
      <line num="15" count="2" type="stmt"/>
      <line num="16" count="2" type="stmt"/>
      <line num="20" count="2" type="stmt"/>
      <line num="21" count="2" type="stmt"/>
      <line num="22" count="2" type="stmt"/>
      <line num="24" count="4" type="stmt"/>
      <line num="27" count="2" type="stmt"/>
    </file>
  </project>
</coverage>
