{"C:\\Users\\pc\\Desktop\\TERCER PROYECTO\\LIM014-mdlinks\\src\\utils\\link.js": {"path":"C:\\Users\\pc\\Desktop\\TERCER PROYECTO\\LIM014-mdlinks\\src\\utils\\link.js","statementMap":{"0":{"start":{"line":6,"column":11},"end":{"line":6,"column":24}},"1":{"start":{"line":7,"column":15},"end":{"line":7,"column":32}},"2":{"start":{"line":9,"column":17},"end":{"line":9,"column":38}},"3":{"start":{"line":11,"column":21},"end":{"line":24,"column":1}},"4":{"start":{"line":12,"column":23},"end":{"line":12,"column":60}},"5":{"start":{"line":15,"column":14},"end":{"line":15,"column":16}},"6":{"start":{"line":17,"column":2},"end":{"line":21,"column":5}},"7":{"start":{"line":17,"column":37},"end":{"line":21,"column":4}},"8":{"start":{"line":22,"column":2},"end":{"line":22,"column":37}},"9":{"start":{"line":23,"column":2},"end":{"line":23,"column":13}},"10":{"start":{"line":26,"column":1},"end":{"line":26,"column":54}},"11":{"start":{"line":30,"column":0},"end":{"line":32,"column":2}}},"fnMap":{"0":{"name":"(anonymous_0)","decl":{"start":{"line":11,"column":21},"end":{"line":11,"column":22}},"loc":{"start":{"line":11,"column":36},"end":{"line":24,"column":1}},"line":11},"1":{"name":"(anonymous_1)","decl":{"start":{"line":17,"column":18},"end":{"line":17,"column":19}},"loc":{"start":{"line":17,"column":37},"end":{"line":21,"column":4}},"line":17}},"branchMap":{},"s":{"0":1,"1":1,"2":1,"3":1,"4":2,"5":2,"6":2,"7":6,"8":2,"9":2,"10":1,"11":1},"f":{"0":2,"1":6},"b":{},"_coverageSchema":"1a1c01bbd47fc00a2c39e90264f33305004495a9","hash":"b7ff2173837568cdf6f0fd198b7798da3e1092b4"}
,"C:\\Users\\pc\\Desktop\\TERCER PROYECTO\\LIM014-mdlinks\\src\\utils\\path.js": {"path":"C:\\Users\\pc\\Desktop\\TERCER PROYECTO\\LIM014-mdlinks\\src\\utils\\path.js","statementMap":{"0":{"start":{"line":1,"column":13},"end":{"line":1,"column":28}},"1":{"start":{"line":2,"column":11},"end":{"line":2,"column":24}},"2":{"start":{"line":5,"column":24},"end":{"line":12,"column":1}},"3":{"start":{"line":6,"column":2},"end":{"line":9,"column":3}},"4":{"start":{"line":8,"column":4},"end":{"line":8,"column":35}},"5":{"start":{"line":11,"column":2},"end":{"line":11,"column":19}},"6":{"start":{"line":18,"column":16},"end":{"line":26,"column":1}},"7":{"start":{"line":19,"column":2},"end":{"line":22,"column":3}},"8":{"start":{"line":21,"column":4},"end":{"line":21,"column":16}},"9":{"start":{"line":25,"column":2},"end":{"line":25,"column":15}},"10":{"start":{"line":33,"column":18},"end":{"line":38,"column":1}},"11":{"start":{"line":34,"column":16},"end":{"line":34,"column":39}},"12":{"start":{"line":36,"column":17},"end":{"line":36,"column":31}},"13":{"start":{"line":37,"column":2},"end":{"line":37,"column":16}},"14":{"start":{"line":47,"column":21},"end":{"line":59,"column":1}},"15":{"start":{"line":48,"column":17},"end":{"line":48,"column":19}},"16":{"start":{"line":49,"column":2},"end":{"line":57,"column":3}},"17":{"start":{"line":50,"column":4},"end":{"line":50,"column":29}},"18":{"start":{"line":52,"column":26},"end":{"line":52,"column":51}},"19":{"start":{"line":53,"column":4},"end":{"line":56,"column":7}},"20":{"start":{"line":54,"column":23},"end":{"line":54,"column":49}},"21":{"start":{"line":55,"column":6},"end":{"line":55,"column":57}},"22":{"start":{"line":58,"column":2},"end":{"line":58,"column":18}},"23":{"start":{"line":63,"column":21},"end":{"line":63,"column":51}},"24":{"start":{"line":63,"column":32},"end":{"line":63,"column":51}},"25":{"start":{"line":65,"column":21},"end":{"line":89,"column":1}},"26":{"start":{"line":66,"column":17},"end":{"line":66,"column":19}},"27":{"start":{"line":67,"column":20},"end":{"line":67,"column":46}},"28":{"start":{"line":68,"column":2},"end":{"line":71,"column":3}},"29":{"start":{"line":70,"column":4},"end":{"line":70,"column":20}},"30":{"start":{"line":73,"column":2},"end":{"line":87,"column":3}},"31":{"start":{"line":74,"column":4},"end":{"line":76,"column":5}},"32":{"start":{"line":75,"column":6},"end":{"line":75,"column":31}},"33":{"start":{"line":78,"column":26},"end":{"line":78,"column":51}},"34":{"start":{"line":79,"column":4},"end":{"line":86,"column":7}},"35":{"start":{"line":80,"column":23},"end":{"line":80,"column":49}},"36":{"start":{"line":83,"column":6},"end":{"line":83,"column":57}},"37":{"start":{"line":88,"column":2},"end":{"line":88,"column":18}},"38":{"start":{"line":91,"column":0},"end":{"line":96,"column":2}}},"fnMap":{"0":{"name":"(anonymous_0)","decl":{"start":{"line":5,"column":24},"end":{"line":5,"column":25}},"loc":{"start":{"line":5,"column":39},"end":{"line":12,"column":1}},"line":5},"1":{"name":"(anonymous_1)","decl":{"start":{"line":18,"column":16},"end":{"line":18,"column":17}},"loc":{"start":{"line":18,"column":31},"end":{"line":26,"column":1}},"line":18},"2":{"name":"(anonymous_2)","decl":{"start":{"line":33,"column":18},"end":{"line":33,"column":19}},"loc":{"start":{"line":33,"column":33},"end":{"line":38,"column":1}},"line":33},"3":{"name":"(anonymous_3)","decl":{"start":{"line":47,"column":21},"end":{"line":47,"column":22}},"loc":{"start":{"line":47,"column":36},"end":{"line":59,"column":1}},"line":47},"4":{"name":"(anonymous_4)","decl":{"start":{"line":53,"column":26},"end":{"line":53,"column":27}},"loc":{"start":{"line":53,"column":36},"end":{"line":56,"column":5}},"line":53},"5":{"name":"(anonymous_5)","decl":{"start":{"line":63,"column":21},"end":{"line":63,"column":22}},"loc":{"start":{"line":63,"column":32},"end":{"line":63,"column":51}},"line":63},"6":{"name":"(anonymous_6)","decl":{"start":{"line":65,"column":21},"end":{"line":65,"column":22}},"loc":{"start":{"line":65,"column":36},"end":{"line":89,"column":1}},"line":65},"7":{"name":"(anonymous_7)","decl":{"start":{"line":79,"column":26},"end":{"line":79,"column":27}},"loc":{"start":{"line":79,"column":36},"end":{"line":86,"column":5}},"line":79}},"branchMap":{"0":{"loc":{"start":{"line":6,"column":2},"end":{"line":9,"column":3}},"type":"if","locations":[{"start":{"line":6,"column":2},"end":{"line":9,"column":3}},{"start":{"line":6,"column":2},"end":{"line":9,"column":3}}],"line":6},"1":{"loc":{"start":{"line":19,"column":2},"end":{"line":22,"column":3}},"type":"if","locations":[{"start":{"line":19,"column":2},"end":{"line":22,"column":3}},{"start":{"line":19,"column":2},"end":{"line":22,"column":3}}],"line":19},"2":{"loc":{"start":{"line":49,"column":2},"end":{"line":57,"column":3}},"type":"if","locations":[{"start":{"line":49,"column":2},"end":{"line":57,"column":3}},{"start":{"line":49,"column":2},"end":{"line":57,"column":3}}],"line":49},"3":{"loc":{"start":{"line":68,"column":2},"end":{"line":71,"column":3}},"type":"if","locations":[{"start":{"line":68,"column":2},"end":{"line":71,"column":3}},{"start":{"line":68,"column":2},"end":{"line":71,"column":3}}],"line":68},"4":{"loc":{"start":{"line":73,"column":2},"end":{"line":87,"column":3}},"type":"if","locations":[{"start":{"line":73,"column":2},"end":{"line":87,"column":3}},{"start":{"line":73,"column":2},"end":{"line":87,"column":3}}],"line":73},"5":{"loc":{"start":{"line":74,"column":4},"end":{"line":76,"column":5}},"type":"if","locations":[{"start":{"line":74,"column":4},"end":{"line":76,"column":5}},{"start":{"line":74,"column":4},"end":{"line":76,"column":5}}],"line":74}},"s":{"0":1,"1":1,"2":1,"3":10,"4":9,"5":1,"6":1,"7":8,"8":8,"9":0,"10":1,"11":17,"12":17,"13":17,"14":1,"15":8,"16":8,"17":5,"18":3,"19":3,"20":7,"21":7,"22":8,"23":1,"24":5,"25":1,"26":8,"27":8,"28":8,"29":0,"30":8,"31":5,"32":4,"33":3,"34":3,"35":7,"36":7,"37":8,"38":1},"f":{"0":10,"1":8,"2":17,"3":8,"4":7,"5":5,"6":8,"7":7},"b":{"0":[9,1],"1":[8,0],"2":[5,3],"3":[0,8],"4":[5,3],"5":[4,1]},"_coverageSchema":"1a1c01bbd47fc00a2c39e90264f33305004495a9","hash":"0e10b79999cc1c4d2ea46c564e8436ecb4dbe0c6"}
,"C:\\Users\\pc\\Desktop\\TERCER PROYECTO\\LIM014-mdlinks\\src\\utils\\validate.js": {"path":"C:\\Users\\pc\\Desktop\\TERCER PROYECTO\\LIM014-mdlinks\\src\\utils\\validate.js","statementMap":{"0":{"start":{"line":3,"column":14},"end":{"line":3,"column":35}},"1":{"start":{"line":5,"column":22},"end":{"line":24,"column":1}},"2":{"start":{"line":6,"column":22},"end":{"line":22,"column":8}},"3":{"start":{"line":6,"column":49},"end":{"line":22,"column":7}},"4":{"start":{"line":6,"column":74},"end":{"line":22,"column":6}},"5":{"start":{"line":8,"column":6},"end":{"line":16,"column":7}},"6":{"start":{"line":9,"column":8},"end":{"line":9,"column":37}},"7":{"start":{"line":10,"column":8},"end":{"line":10,"column":35}},"8":{"start":{"line":11,"column":8},"end":{"line":11,"column":26}},"9":{"start":{"line":13,"column":8},"end":{"line":13,"column":37}},"10":{"start":{"line":14,"column":8},"end":{"line":14,"column":37}},"11":{"start":{"line":15,"column":8},"end":{"line":15,"column":26}},"12":{"start":{"line":19,"column":6},"end":{"line":19,"column":27}},"13":{"start":{"line":20,"column":6},"end":{"line":20,"column":50}},"14":{"start":{"line":21,"column":6},"end":{"line":21,"column":24}},"15":{"start":{"line":23,"column":2},"end":{"line":23,"column":34}},"16":{"start":{"line":26,"column":0},"end":{"line":28,"column":2}},"17":{"start":{"line":29,"column":1},"end":{"line":45,"column":35}},"18":{"start":{"line":45,"column":17},"end":{"line":45,"column":33}}},"fnMap":{"0":{"name":"(anonymous_0)","decl":{"start":{"line":5,"column":22},"end":{"line":5,"column":23}},"loc":{"start":{"line":5,"column":36},"end":{"line":24,"column":1}},"line":5},"1":{"name":"(anonymous_1)","decl":{"start":{"line":6,"column":35},"end":{"line":6,"column":36}},"loc":{"start":{"line":6,"column":49},"end":{"line":22,"column":7}},"line":6},"2":{"name":"(anonymous_2)","decl":{"start":{"line":6,"column":61},"end":{"line":6,"column":62}},"loc":{"start":{"line":6,"column":74},"end":{"line":22,"column":6}},"line":6},"3":{"name":"(anonymous_3)","decl":{"start":{"line":7,"column":10},"end":{"line":7,"column":11}},"loc":{"start":{"line":7,"column":19},"end":{"line":17,"column":5}},"line":7},"4":{"name":"(anonymous_4)","decl":{"start":{"line":18,"column":11},"end":{"line":18,"column":12}},"loc":{"start":{"line":18,"column":17},"end":{"line":22,"column":5}},"line":18},"5":{"name":"(anonymous_5)","decl":{"start":{"line":45,"column":8},"end":{"line":45,"column":9}},"loc":{"start":{"line":45,"column":17},"end":{"line":45,"column":33}},"line":45}},"branchMap":{"0":{"loc":{"start":{"line":8,"column":6},"end":{"line":16,"column":7}},"type":"if","locations":[{"start":{"line":8,"column":6},"end":{"line":16,"column":7}},{"start":{"line":8,"column":6},"end":{"line":16,"column":7}}],"line":8},"1":{"loc":{"start":{"line":8,"column":10},"end":{"line":8,"column":47}},"type":"binary-expr","locations":[{"start":{"line":8,"column":10},"end":{"line":8,"column":27}},{"start":{"line":8,"column":31},"end":{"line":8,"column":47}}],"line":8}},"s":{"0":1,"1":1,"2":4,"3":6,"4":6,"5":3,"6":2,"7":2,"8":2,"9":1,"10":1,"11":1,"12":2,"13":2,"14":2,"15":4,"16":1,"17":1,"18":0},"f":{"0":4,"1":6,"2":6,"3":3,"4":2,"5":0},"b":{"0":[2,1],"1":[3,3]},"_coverageSchema":"1a1c01bbd47fc00a2c39e90264f33305004495a9","hash":"6ad4287e043552218fd102717e33f971fdc86523"}
}
