{"C:\\Users\\pc\\Desktop\\TERCER PROYECTO\\LIM014-mdlinks\\src\\utils\\index.js": {"path":"C:\\Users\\pc\\Desktop\\TERCER PROYECTO\\LIM014-mdlinks\\src\\utils\\index.js","statementMap":{"0":{"start":{"line":1,"column":11},"end":{"line":1,"column":24}},"1":{"start":{"line":2,"column":14},"end":{"line":2,"column":30}},"2":{"start":{"line":3,"column":26},"end":{"line":3,"column":47}},"3":{"start":{"line":4,"column":25},"end":{"line":4,"column":42}},"4":{"start":{"line":5,"column":28},"end":{"line":5,"column":45}},"5":{"start":{"line":7,"column":16},"end":{"line":20,"column":1}},"6":{"start":{"line":8,"column":18},"end":{"line":18,"column":4}},"7":{"start":{"line":10,"column":26},"end":{"line":10,"column":52}},"8":{"start":{"line":11,"column":4},"end":{"line":13,"column":5}},"9":{"start":{"line":12,"column":6},"end":{"line":12,"column":57}},"10":{"start":{"line":13,"column":6},"end":{"line":17,"column":52}},"11":{"start":{"line":14,"column":6},"end":{"line":14,"column":84}},"12":{"start":{"line":14,"column":30},"end":{"line":14,"column":82}},"13":{"start":{"line":16,"column":6},"end":{"line":16,"column":70}},"14":{"start":{"line":16,"column":31},"end":{"line":16,"column":68}},"15":{"start":{"line":17,"column":13},"end":{"line":17,"column":50}},"16":{"start":{"line":19,"column":2},"end":{"line":19,"column":17}},"17":{"start":{"line":22,"column":0},"end":{"line":22,"column":29}}},"fnMap":{"0":{"name":"(anonymous_0)","decl":{"start":{"line":7,"column":16},"end":{"line":7,"column":17}},"loc":{"start":{"line":7,"column":40},"end":{"line":20,"column":1}},"line":7},"1":{"name":"(anonymous_1)","decl":{"start":{"line":8,"column":30},"end":{"line":8,"column":31}},"loc":{"start":{"line":8,"column":51},"end":{"line":18,"column":3}},"line":8}},"branchMap":{"0":{"loc":{"start":{"line":11,"column":4},"end":{"line":13,"column":5}},"type":"if","locations":[{"start":{"line":11,"column":4},"end":{"line":13,"column":5}},{"start":{"line":11,"column":4},"end":{"line":13,"column":5}}],"line":11},"1":{"loc":{"start":{"line":13,"column":6},"end":{"line":17,"column":52}},"type":"if","locations":[{"start":{"line":13,"column":6},"end":{"line":17,"column":52}},{"start":{"line":13,"column":6},"end":{"line":17,"column":52}}],"line":13},"2":{"loc":{"start":{"line":14,"column":6},"end":{"line":14,"column":84}},"type":"if","locations":[{"start":{"line":14,"column":6},"end":{"line":14,"column":84}},{"start":{"line":14,"column":6},"end":{"line":14,"column":84}}],"line":14},"3":{"loc":{"start":{"line":16,"column":6},"end":{"line":16,"column":70}},"type":"if","locations":[{"start":{"line":16,"column":6},"end":{"line":16,"column":70}},{"start":{"line":16,"column":6},"end":{"line":16,"column":70}}],"line":16}},"s":{"0":1,"1":1,"2":1,"3":1,"4":1,"5":1,"6":3,"7":3,"8":3,"9":0,"10":3,"11":2,"12":1,"13":2,"14":1,"15":1,"16":3,"17":1},"f":{"0":3,"1":3},"b":{"0":[0,3],"1":[2,1],"2":[1,1],"3":[1,1]},"_coverageSchema":"1a1c01bbd47fc00a2c39e90264f33305004495a9","hash":"f187f70876145f252dd9281d73b4666c34833506"}
,"C:\\Users\\pc\\Desktop\\TERCER PROYECTO\\LIM014-mdlinks\\src\\utils\\link.js": {"path":"C:\\Users\\pc\\Desktop\\TERCER PROYECTO\\LIM014-mdlinks\\src\\utils\\link.js","statementMap":{"0":{"start":{"line":6,"column":11},"end":{"line":6,"column":24}},"1":{"start":{"line":7,"column":15},"end":{"line":7,"column":32}},"2":{"start":{"line":9,"column":17},"end":{"line":9,"column":38}},"3":{"start":{"line":11,"column":21},"end":{"line":24,"column":1}},"4":{"start":{"line":12,"column":23},"end":{"line":12,"column":60}},"5":{"start":{"line":15,"column":14},"end":{"line":15,"column":16}},"6":{"start":{"line":17,"column":2},"end":{"line":21,"column":5}},"7":{"start":{"line":17,"column":37},"end":{"line":21,"column":4}},"8":{"start":{"line":22,"column":2},"end":{"line":22,"column":37}},"9":{"start":{"line":23,"column":2},"end":{"line":23,"column":13}},"10":{"start":{"line":29,"column":0},"end":{"line":31,"column":2}}},"fnMap":{"0":{"name":"(anonymous_0)","decl":{"start":{"line":11,"column":21},"end":{"line":11,"column":22}},"loc":{"start":{"line":11,"column":36},"end":{"line":24,"column":1}},"line":11},"1":{"name":"(anonymous_1)","decl":{"start":{"line":17,"column":18},"end":{"line":17,"column":19}},"loc":{"start":{"line":17,"column":37},"end":{"line":21,"column":4}},"line":17}},"branchMap":{},"s":{"0":2,"1":2,"2":2,"3":2,"4":4,"5":4,"6":4,"7":12,"8":4,"9":4,"10":2},"f":{"0":4,"1":12},"b":{},"_coverageSchema":"1a1c01bbd47fc00a2c39e90264f33305004495a9","hash":"261a67ba08a8fbed8b0eb894c383df0b32455d23"}
,"C:\\Users\\pc\\Desktop\\TERCER PROYECTO\\LIM014-mdlinks\\src\\utils\\path.js": {"path":"C:\\Users\\pc\\Desktop\\TERCER PROYECTO\\LIM014-mdlinks\\src\\utils\\path.js","statementMap":{"0":{"start":{"line":1,"column":13},"end":{"line":1,"column":28}},"1":{"start":{"line":2,"column":11},"end":{"line":2,"column":24}},"2":{"start":{"line":5,"column":24},"end":{"line":12,"column":1}},"3":{"start":{"line":6,"column":2},"end":{"line":9,"column":3}},"4":{"start":{"line":8,"column":4},"end":{"line":8,"column":35}},"5":{"start":{"line":11,"column":2},"end":{"line":11,"column":19}},"6":{"start":{"line":18,"column":16},"end":{"line":26,"column":1}},"7":{"start":{"line":19,"column":2},"end":{"line":22,"column":3}},"8":{"start":{"line":21,"column":4},"end":{"line":21,"column":16}},"9":{"start":{"line":25,"column":2},"end":{"line":25,"column":15}},"10":{"start":{"line":33,"column":18},"end":{"line":38,"column":1}},"11":{"start":{"line":34,"column":16},"end":{"line":34,"column":39}},"12":{"start":{"line":36,"column":17},"end":{"line":36,"column":31}},"13":{"start":{"line":37,"column":2},"end":{"line":37,"column":16}},"14":{"start":{"line":47,"column":21},"end":{"line":59,"column":1}},"15":{"start":{"line":48,"column":17},"end":{"line":48,"column":19}},"16":{"start":{"line":49,"column":2},"end":{"line":57,"column":3}},"17":{"start":{"line":50,"column":4},"end":{"line":50,"column":29}},"18":{"start":{"line":52,"column":26},"end":{"line":52,"column":51}},"19":{"start":{"line":53,"column":4},"end":{"line":56,"column":7}},"20":{"start":{"line":54,"column":23},"end":{"line":54,"column":49}},"21":{"start":{"line":55,"column":6},"end":{"line":55,"column":57}},"22":{"start":{"line":58,"column":2},"end":{"line":58,"column":18}},"23":{"start":{"line":63,"column":21},"end":{"line":63,"column":51}},"24":{"start":{"line":63,"column":32},"end":{"line":63,"column":51}},"25":{"start":{"line":65,"column":21},"end":{"line":89,"column":1}},"26":{"start":{"line":66,"column":17},"end":{"line":66,"column":19}},"27":{"start":{"line":67,"column":20},"end":{"line":67,"column":46}},"28":{"start":{"line":68,"column":2},"end":{"line":71,"column":3}},"29":{"start":{"line":70,"column":4},"end":{"line":70,"column":20}},"30":{"start":{"line":73,"column":2},"end":{"line":87,"column":3}},"31":{"start":{"line":74,"column":4},"end":{"line":76,"column":5}},"32":{"start":{"line":75,"column":6},"end":{"line":75,"column":31}},"33":{"start":{"line":78,"column":26},"end":{"line":78,"column":51}},"34":{"start":{"line":79,"column":4},"end":{"line":86,"column":7}},"35":{"start":{"line":80,"column":23},"end":{"line":80,"column":49}},"36":{"start":{"line":83,"column":6},"end":{"line":83,"column":57}},"37":{"start":{"line":88,"column":2},"end":{"line":88,"column":18}},"38":{"start":{"line":91,"column":0},"end":{"line":96,"column":2}}},"fnMap":{"0":{"name":"(anonymous_0)","decl":{"start":{"line":5,"column":24},"end":{"line":5,"column":25}},"loc":{"start":{"line":5,"column":39},"end":{"line":12,"column":1}},"line":5},"1":{"name":"(anonymous_1)","decl":{"start":{"line":18,"column":16},"end":{"line":18,"column":17}},"loc":{"start":{"line":18,"column":31},"end":{"line":26,"column":1}},"line":18},"2":{"name":"(anonymous_2)","decl":{"start":{"line":33,"column":18},"end":{"line":33,"column":19}},"loc":{"start":{"line":33,"column":33},"end":{"line":38,"column":1}},"line":33},"3":{"name":"(anonymous_3)","decl":{"start":{"line":47,"column":21},"end":{"line":47,"column":22}},"loc":{"start":{"line":47,"column":36},"end":{"line":59,"column":1}},"line":47},"4":{"name":"(anonymous_4)","decl":{"start":{"line":53,"column":26},"end":{"line":53,"column":27}},"loc":{"start":{"line":53,"column":36},"end":{"line":56,"column":5}},"line":53},"5":{"name":"(anonymous_5)","decl":{"start":{"line":63,"column":21},"end":{"line":63,"column":22}},"loc":{"start":{"line":63,"column":32},"end":{"line":63,"column":51}},"line":63},"6":{"name":"(anonymous_6)","decl":{"start":{"line":65,"column":21},"end":{"line":65,"column":22}},"loc":{"start":{"line":65,"column":36},"end":{"line":89,"column":1}},"line":65},"7":{"name":"(anonymous_7)","decl":{"start":{"line":79,"column":26},"end":{"line":79,"column":27}},"loc":{"start":{"line":79,"column":36},"end":{"line":86,"column":5}},"line":79}},"branchMap":{"0":{"loc":{"start":{"line":6,"column":2},"end":{"line":9,"column":3}},"type":"if","locations":[{"start":{"line":6,"column":2},"end":{"line":9,"column":3}},{"start":{"line":6,"column":2},"end":{"line":9,"column":3}}],"line":6},"1":{"loc":{"start":{"line":19,"column":2},"end":{"line":22,"column":3}},"type":"if","locations":[{"start":{"line":19,"column":2},"end":{"line":22,"column":3}},{"start":{"line":19,"column":2},"end":{"line":22,"column":3}}],"line":19},"2":{"loc":{"start":{"line":49,"column":2},"end":{"line":57,"column":3}},"type":"if","locations":[{"start":{"line":49,"column":2},"end":{"line":57,"column":3}},{"start":{"line":49,"column":2},"end":{"line":57,"column":3}}],"line":49},"3":{"loc":{"start":{"line":68,"column":2},"end":{"line":71,"column":3}},"type":"if","locations":[{"start":{"line":68,"column":2},"end":{"line":71,"column":3}},{"start":{"line":68,"column":2},"end":{"line":71,"column":3}}],"line":68},"4":{"loc":{"start":{"line":73,"column":2},"end":{"line":87,"column":3}},"type":"if","locations":[{"start":{"line":73,"column":2},"end":{"line":87,"column":3}},{"start":{"line":73,"column":2},"end":{"line":87,"column":3}}],"line":73},"5":{"loc":{"start":{"line":74,"column":4},"end":{"line":76,"column":5}},"type":"if","locations":[{"start":{"line":74,"column":4},"end":{"line":76,"column":5}},{"start":{"line":74,"column":4},"end":{"line":76,"column":5}}],"line":74}},"s":{"0":2,"1":2,"2":2,"3":13,"4":9,"5":4,"6":2,"7":8,"8":8,"9":0,"10":2,"11":17,"12":17,"13":17,"14":2,"15":8,"16":8,"17":5,"18":3,"19":3,"20":7,"21":7,"22":8,"23":2,"24":5,"25":2,"26":8,"27":8,"28":8,"29":0,"30":8,"31":5,"32":4,"33":3,"34":3,"35":7,"36":7,"37":8,"38":2},"f":{"0":13,"1":8,"2":17,"3":8,"4":7,"5":5,"6":8,"7":7},"b":{"0":[9,4],"1":[8,0],"2":[5,3],"3":[0,8],"4":[5,3],"5":[4,1]},"_coverageSchema":"1a1c01bbd47fc00a2c39e90264f33305004495a9","hash":"0e10b79999cc1c4d2ea46c564e8436ecb4dbe0c6"}
,"C:\\Users\\pc\\Desktop\\TERCER PROYECTO\\LIM014-mdlinks\\src\\utils\\validate.js": {"path":"C:\\Users\\pc\\Desktop\\TERCER PROYECTO\\LIM014-mdlinks\\src\\utils\\validate.js","statementMap":{"0":{"start":{"line":3,"column":14},"end":{"line":3,"column":35}},"1":{"start":{"line":5,"column":22},"end":{"line":25,"column":1}},"2":{"start":{"line":6,"column":22},"end":{"line":23,"column":8}},"3":{"start":{"line":6,"column":48},"end":{"line":23,"column":7}},"4":{"start":{"line":6,"column":73},"end":{"line":23,"column":6}},"5":{"start":{"line":9,"column":6},"end":{"line":17,"column":7}},"6":{"start":{"line":10,"column":8},"end":{"line":10,"column":36}},"7":{"start":{"line":11,"column":8},"end":{"line":11,"column":34}},"8":{"start":{"line":12,"column":8},"end":{"line":12,"column":25}},"9":{"start":{"line":14,"column":8},"end":{"line":14,"column":36}},"10":{"start":{"line":15,"column":8},"end":{"line":15,"column":36}},"11":{"start":{"line":16,"column":8},"end":{"line":16,"column":25}},"12":{"start":{"line":20,"column":6},"end":{"line":20,"column":26}},"13":{"start":{"line":21,"column":6},"end":{"line":21,"column":49}},"14":{"start":{"line":22,"column":6},"end":{"line":22,"column":23}},"15":{"start":{"line":24,"column":2},"end":{"line":24,"column":34}},"16":{"start":{"line":27,"column":0},"end":{"line":29,"column":2}}},"fnMap":{"0":{"name":"(anonymous_0)","decl":{"start":{"line":5,"column":22},"end":{"line":5,"column":23}},"loc":{"start":{"line":5,"column":36},"end":{"line":25,"column":1}},"line":5},"1":{"name":"(anonymous_1)","decl":{"start":{"line":6,"column":35},"end":{"line":6,"column":36}},"loc":{"start":{"line":6,"column":48},"end":{"line":23,"column":7}},"line":6},"2":{"name":"(anonymous_2)","decl":{"start":{"line":6,"column":60},"end":{"line":6,"column":61}},"loc":{"start":{"line":6,"column":73},"end":{"line":23,"column":6}},"line":6},"3":{"name":"(anonymous_3)","decl":{"start":{"line":8,"column":10},"end":{"line":8,"column":11}},"loc":{"start":{"line":8,"column":19},"end":{"line":18,"column":5}},"line":8},"4":{"name":"(anonymous_4)","decl":{"start":{"line":19,"column":11},"end":{"line":19,"column":12}},"loc":{"start":{"line":19,"column":17},"end":{"line":23,"column":5}},"line":19}},"branchMap":{"0":{"loc":{"start":{"line":9,"column":6},"end":{"line":17,"column":7}},"type":"if","locations":[{"start":{"line":9,"column":6},"end":{"line":17,"column":7}},{"start":{"line":9,"column":6},"end":{"line":17,"column":7}}],"line":9},"1":{"loc":{"start":{"line":9,"column":10},"end":{"line":9,"column":47}},"type":"binary-expr","locations":[{"start":{"line":9,"column":10},"end":{"line":9,"column":27}},{"start":{"line":9,"column":31},"end":{"line":9,"column":47}}],"line":9}},"s":{"0":2,"1":2,"2":4,"3":6,"4":6,"5":4,"6":2,"7":2,"8":2,"9":2,"10":2,"11":2,"12":2,"13":2,"14":2,"15":4,"16":2},"f":{"0":4,"1":6,"2":6,"3":4,"4":2},"b":{"0":[2,2],"1":[4,4]},"_coverageSchema":"1a1c01bbd47fc00a2c39e90264f33305004495a9","hash":"7b40bbcddcfaea287518cae624d8d14739484003"}
}
