TN:
SF:src\options.js
FN:5,(anonymous_0)
FN:8,(anonymous_1)
FN:10,(anonymous_2)
FN:23,(anonymous_3)
FN:27,(anonymous_4)
FN:30,(anonymous_5)
FN:32,(anonymous_6)
FNF:7
FNH:7
FNDA:4,(anonymous_0)
FNDA:1,(anonymous_1)
FNDA:3,(anonymous_2)
FNDA:1,(anonymous_3)
FNDA:1,(anonymous_4)
FNDA:1,(anonymous_5)
FNDA:3,(anonymous_6)
DA:1,1
DA:2,1
DA:3,1
DA:5,1
DA:6,4
DA:7,1
DA:9,1
DA:10,1
DA:11,3
DA:18,1
DA:21,3
DA:22,1
DA:23,1
DA:25,2
DA:26,1
DA:27,1
DA:29,1
DA:31,1
DA:32,1
DA:33,3
DA:38,1
DA:41,1
LF:22
LH:22
BRDA:6,0,0,1
BRDA:6,0,1,3
BRDA:6,1,0,4
BRDA:6,1,1,3
BRDA:6,1,2,3
BRDA:21,2,0,1
BRDA:21,2,1,2
BRDA:21,3,0,3
BRDA:21,3,1,2
BRDA:21,3,2,2
BRDA:25,4,0,1
BRDA:25,4,1,1
BRDA:25,5,0,2
BRDA:25,5,1,1
BRDA:25,5,2,1
BRDA:25,5,3,1
BRF:16
BRH:16
end_of_record
TN:
SF:src\utils\index.js
FN:7,(anonymous_0)
FN:8,(anonymous_1)
FNF:2
FNH:2
FNDA:8,(anonymous_0)
FNDA:8,(anonymous_1)
DA:1,3
DA:2,3
DA:3,3
DA:4,3
DA:5,3
DA:7,3
DA:8,8
DA:10,8
DA:11,8
DA:12,0
DA:14,8
DA:15,7
DA:17,7
DA:18,1
DA:20,8
DA:23,3
LF:16
LH:15
BRDA:11,0,0,0
BRDA:11,0,1,8
BRDA:14,1,0,7
BRDA:14,1,1,1
BRDA:15,2,0,5
BRDA:15,2,1,2
BRDA:17,3,0,2
BRDA:17,3,1,5
BRF:8
BRH:7
end_of_record
TN:
SF:src\utils\link.js
FN:11,(anonymous_0)
FN:17,(anonymous_1)
FNF:2
FNH:2
FNDA:9,(anonymous_0)
FNDA:27,(anonymous_1)
DA:6,4
DA:7,4
DA:9,4
DA:11,4
DA:12,9
DA:15,9
DA:17,27
DA:22,9
DA:23,9
DA:29,4
LF:10
LH:10
BRF:0
BRH:0
end_of_record
TN:
SF:src\utils\path.js
FN:5,(anonymous_0)
FN:18,(anonymous_1)
FN:33,(anonymous_2)
FN:47,(anonymous_3)
FN:53,(anonymous_4)
FN:64,(anonymous_5)
FN:66,(anonymous_6)
FN:80,(anonymous_7)
FNF:8
FNH:8
FNDA:19,(anonymous_0)
FNDA:9,(anonymous_1)
FNDA:19,(anonymous_2)
FNDA:9,(anonymous_3)
FNDA:8,(anonymous_4)
FNDA:5,(anonymous_5)
FNDA:9,(anonymous_6)
FNDA:8,(anonymous_7)
DA:1,4
DA:2,4
DA:5,4
DA:6,19
DA:8,10
DA:11,9
DA:18,4
DA:19,9
DA:21,9
DA:25,0
DA:33,4
DA:34,19
DA:36,19
DA:37,19
DA:47,4
DA:48,9
DA:49,9
DA:50,5
DA:52,4
DA:53,4
DA:54,8
DA:55,8
DA:58,9
DA:64,5
DA:66,4
DA:67,9
DA:68,9
DA:69,9
DA:71,0
DA:74,9
DA:75,5
DA:76,4
DA:79,4
DA:80,4
DA:81,8
DA:84,8
DA:89,9
DA:92,4
LF:38
LH:36
BRDA:6,0,0,10
BRDA:6,0,1,9
BRDA:19,1,0,9
BRDA:19,1,1,0
BRDA:49,2,0,5
BRDA:49,2,1,4
BRDA:69,3,0,0
BRDA:69,3,1,9
BRDA:74,4,0,5
BRDA:74,4,1,4
BRDA:75,5,0,4
BRDA:75,5,1,1
BRF:12
BRH:10
end_of_record
TN:
SF:src\utils\stats.js
FN:5,(anonymous_0)
FN:6,(anonymous_1)
FN:7,(anonymous_2)
FN:11,(anonymous_3)
FNF:4
FNH:4
FNDA:3,(anonymous_0)
FNDA:3,(anonymous_1)
FNDA:9,(anonymous_2)
FNDA:9,(anonymous_3)
DA:2,2
DA:3,2
DA:5,3
DA:7,9
DA:10,3
DA:11,9
DA:12,3
DA:14,3
DA:19,3
DA:22,2
LF:10
LH:10
BRF:0
BRH:0
end_of_record
TN:
SF:src\utils\validate.js
FN:5,(anonymous_0)
FN:6,(anonymous_1)
FN:6,(anonymous_2)
FN:8,(anonymous_3)
FN:19,(anonymous_4)
FNF:5
FNH:5
FNDA:8,(anonymous_0)
FNDA:18,(anonymous_1)
FNDA:18,(anonymous_2)
FNDA:12,(anonymous_3)
FNDA:6,(anonymous_4)
DA:3,4
DA:5,4
DA:6,18
DA:9,12
DA:10,6
DA:11,6
DA:12,6
DA:14,6
DA:15,6
DA:16,6
DA:20,6
DA:21,6
DA:22,6
DA:24,8
DA:27,4
LF:15
LH:15
BRDA:9,0,0,6
BRDA:9,0,1,6
BRDA:9,1,0,12
BRDA:9,1,1,12
BRF:4
BRH:4
end_of_record
