TN:
SF:src\utils\index.js
FN:7,(anonymous_0)
FN:8,(anonymous_1)
FNF:2
FNH:2
FNDA:3,(anonymous_0)
FNDA:3,(anonymous_1)
DA:1,1
DA:2,1
DA:3,1
DA:4,1
DA:5,1
DA:7,1
DA:8,3
DA:10,3
DA:11,3
DA:12,0
DA:13,3
DA:14,2
DA:16,2
DA:19,3
DA:22,1
LF:15
LH:14
BRDA:11,0,0,0
BRDA:11,0,1,3
BRDA:13,1,0,2
BRDA:13,1,1,1
BRDA:14,2,0,1
BRDA:14,2,1,1
BRDA:16,3,0,1
BRDA:16,3,1,1
BRF:8
BRH:7
end_of_record
TN:
SF:src\utils\link.js
FN:11,(anonymous_0)
FN:17,(anonymous_1)
FNF:2
FNH:2
FNDA:3,(anonymous_0)
FNDA:9,(anonymous_1)
DA:6,2
DA:7,2
DA:9,2
DA:11,2
DA:12,3
DA:15,3
DA:17,9
DA:22,3
DA:23,3
DA:29,2
LF:10
LH:10
BRF:0
BRH:0
end_of_record
TN:
SF:src\utils\path.js
FN:5,(anonymous_0)
FN:18,(anonymous_1)
FN:33,(anonymous_2)
FN:47,(anonymous_3)
FN:53,(anonymous_4)
FN:63,(anonymous_5)
FN:65,(anonymous_6)
FN:79,(anonymous_7)
FNF:8
FNH:8
FNDA:13,(anonymous_0)
FNDA:8,(anonymous_1)
FNDA:17,(anonymous_2)
FNDA:8,(anonymous_3)
FNDA:7,(anonymous_4)
FNDA:5,(anonymous_5)
FNDA:8,(anonymous_6)
FNDA:7,(anonymous_7)
DA:1,2
DA:2,2
DA:5,2
DA:6,13
DA:8,9
DA:11,4
DA:18,2
DA:19,8
DA:21,8
DA:25,0
DA:33,2
DA:34,17
DA:36,17
DA:37,17
DA:47,2
DA:48,8
DA:49,8
DA:50,5
DA:52,3
DA:53,3
DA:54,7
DA:55,7
DA:58,8
DA:63,5
DA:65,2
DA:66,8
DA:67,8
DA:68,8
DA:70,0
DA:73,8
DA:74,5
DA:75,4
DA:78,3
DA:79,3
DA:80,7
DA:83,7
DA:88,8
DA:91,2
LF:38
LH:36
BRDA:6,0,0,9
BRDA:6,0,1,4
BRDA:19,1,0,8
BRDA:19,1,1,0
BRDA:49,2,0,5
BRDA:49,2,1,3
BRDA:68,3,0,0
BRDA:68,3,1,8
BRDA:73,4,0,5
BRDA:73,4,1,3
BRDA:74,5,0,4
BRDA:74,5,1,1
BRF:12
BRH:10
end_of_record
TN:
SF:src\utils\validate.js
FN:5,(anonymous_0)
FN:6,(anonymous_1)
FN:6,(anonymous_2)
FN:8,(anonymous_3)
FN:19,(anonymous_4)
FNF:5
FNH:5
FNDA:4,(anonymous_0)
FNDA:6,(anonymous_1)
FNDA:6,(anonymous_2)
FNDA:4,(anonymous_3)
FNDA:2,(anonymous_4)
DA:3,2
DA:5,2
DA:6,6
DA:9,4
DA:10,2
DA:11,2
DA:12,2
DA:14,2
DA:15,2
DA:16,2
DA:20,2
DA:21,2
DA:22,2
DA:24,4
DA:27,2
LF:15
LH:15
BRDA:9,0,0,2
BRDA:9,0,1,2
BRDA:9,1,0,4
BRDA:9,1,1,4
BRF:4
BRH:4
end_of_record
